<?xml version="1.0" encoding="UTF-8"?>
<testsuite name="CodeQualityTests" tests="1" skipped="0" failures="0" errors="0" timestamp="2022-11-29T00:33:29" hostname="LAPTOP-C6V5E7V9" time="0.091">
  <properties/>
  <testcase name="codeQuality()" classname="CodeQualityTests" time="0.091"/>
  <system-out><![CDATA[0 CheckStyle Issues in C:/Users/shaim/Documents/1DV607/assigment2/a2/app/src/main/java/controller/App.java
0 CheckStyle Issues in C:/Users/shaim/Documents/1DV607/assigment2/a2/app/src/main/java/controller/MainMenu.java
0 CheckStyle Issues in C:/Users/shaim/Documents/1DV607/assigment2/a2/app/src/main/java/controller/Simple.java
0 CheckStyle Issues in C:/Users/shaim/Documents/1DV607/assigment2/a2/app/src/main/java/model/domain/Contract.java
0 CheckStyle Issues in C:/Users/shaim/Documents/1DV607/assigment2/a2/app/src/main/java/model/domain/Item.java
1 CheckStyle Issues in C:/Users/shaim/Documents/1DV607/assigment2/a2/app/src/main/java/model/domain/Member.java
text:line: 25 column: column:28 
Distance between variable 'num' declaration and its first usage is 4, but allowed 3.  Consider 
  making that variable final if you still need to store its value in advance (before method calls 
  that might have side effects on the original value).

2 CheckStyle Issues in C:/Users/shaim/Documents/1DV607/assigment2/a2/app/src/main/java/model/domain/Registry.java
text:line: 49 column: column:38 
',' is not followed by whitespace.

text:line: 49 column: column:49 
',' is not followed by whitespace.

0 CheckStyle Issues in C:/Users/shaim/Documents/1DV607/assigment2/a2/app/src/main/java/model/domain/TimeCounter.java
0 CheckStyle Issues in C:/Users/shaim/Documents/1DV607/assigment2/a2/app/src/main/java/model/domain/validation/EmailValid.java
0 CheckStyle Issues in C:/Users/shaim/Documents/1DV607/assigment2/a2/app/src/main/java/model/domain/validation/NumberValid.java
0 CheckStyle Issues in C:/Users/shaim/Documents/1DV607/assigment2/a2/app/src/main/java/model/domain/validation/StringValid.java
0 CheckStyle Issues in C:/Users/shaim/Documents/1DV607/assigment2/a2/app/src/main/java/model/persistence/HardCodedData.java
0 CheckStyle Issues in C:/Users/shaim/Documents/1DV607/assigment2/a2/app/src/main/java/model/persistence/PersistenceInterFace.java
0 CheckStyle Issues in C:/Users/shaim/Documents/1DV607/assigment2/a2/app/src/main/java/model/Simple.java
0 CheckStyle Issues in C:/Users/shaim/Documents/1DV607/assigment2/a2/app/src/main/java/view/DateCounterConsole.java
0 CheckStyle Issues in C:/Users/shaim/Documents/1DV607/assigment2/a2/app/src/main/java/view/ItemConsole.java
0 CheckStyle Issues in C:/Users/shaim/Documents/1DV607/assigment2/a2/app/src/main/java/view/MemberConsole.java
0 CheckStyle Issues in C:/Users/shaim/Documents/1DV607/assigment2/a2/app/src/main/java/view/Simple.java
0 FindBugs Issues in model/domain/Item.java
0 FindBugs Issues in model/domain/TimeCounter.java
0 FindBugs Issues in view/ItemConsole.java
0 FindBugs Issues in view/MemberConsole.java
0 FindBugs Issues in model/persistence/HardCodedData.java
0 FindBugs Issues in model/domain/validation/EmailValid.java
0 FindBugs Issues in model/persistence/PersistenceInterFace.java
0 FindBugs Issues in model/domain/Registry.java
0 FindBugs Issues in controller/App.java
0 FindBugs Issues in model/domain/Contract.java
0 FindBugs Issues in view/DateCounterConsole.java
0 FindBugs Issues in model/domain/Member.java
0 FindBugs Issues in controller/MainMenu.java
0 FindBugs Issues in model/Simple.java
0 FindBugs Issues in model/domain/validation/StringValid.java
0 FindBugs Issues in view/Simple.java
0 FindBugs Issues in controller/Simple.java
0 FindBugs Issues in model/domain/validation/NumberValid.java
]]></system-out>
  <system-err><![CDATA[]]></system-err>
</testsuite>
