<?xml version="1.0" encoding="UTF-8"?>
<testsuite name="model.SimpleTest" tests="1" skipped="0" failures="0" errors="0" timestamp="2022-11-29T00:33:29" hostname="LAPTOP-C6V5E7V9" time="0.001">
  <properties/>
  <testcase name="testMessageLengthGreaterThanZero()" classname="model.SimpleTest" time="0.001"/>
  <system-out><![CDATA[]]></system-out>
  <system-err><![CDATA[]]></system-err>
</testsuite>
